{"/Users/atsuhiro_teshima/Desktop/simple-pomodoro/src/index.js": {"path":"/Users/atsuhiro_teshima/Desktop/simple-pomodoro/src/index.js","statementMap":{"0":{"start":{"line":4,"column":15},"end":{"line":4,"column":19}},"1":{"start":{"line":5,"column":15},"end":{"line":5,"column":26}},"2":{"start":{"line":6,"column":12},"end":{"line":6,"column":28}},"3":{"start":{"line":10,"column":8},"end":{"line":10,"column":52}},"4":{"start":{"line":11,"column":8},"end":{"line":11,"column":55}},"5":{"start":{"line":12,"column":8},"end":{"line":12,"column":53}},"6":{"start":{"line":13,"column":8},"end":{"line":13,"column":55}},"7":{"start":{"line":14,"column":8},"end":{"line":14,"column":53}},"8":{"start":{"line":15,"column":8},"end":{"line":15,"column":51}},"9":{"start":{"line":16,"column":8},"end":{"line":16,"column":55}},"10":{"start":{"line":17,"column":8},"end":{"line":17,"column":65}},"11":{"start":{"line":18,"column":8},"end":{"line":18,"column":69}},"12":{"start":{"line":19,"column":8},"end":{"line":19,"column":61}},"13":{"start":{"line":21,"column":8},"end":{"line":21,"column":27}},"14":{"start":{"line":22,"column":8},"end":{"line":22,"column":27}},"15":{"start":{"line":23,"column":8},"end":{"line":23,"column":28}},"16":{"start":{"line":24,"column":8},"end":{"line":24,"column":27}},"17":{"start":{"line":25,"column":8},"end":{"line":25,"column":34}},"18":{"start":{"line":26,"column":8},"end":{"line":26,"column":30}},"19":{"start":{"line":27,"column":8},"end":{"line":27,"column":32}},"20":{"start":{"line":31,"column":22},"end":{"line":31,"column":58}},"21":{"start":{"line":32,"column":25},"end":{"line":32,"column":27}},"22":{"start":{"line":35,"column":8},"end":{"line":35,"column":50}},"23":{"start":{"line":35,"column":19},"end":{"line":35,"column":50}},"24":{"start":{"line":36,"column":8},"end":{"line":36,"column":26}},"25":{"start":{"line":40,"column":20},"end":{"line":40,"column":28}},"26":{"start":{"line":41,"column":29},"end":{"line":41,"column":47}},"27":{"start":{"line":42,"column":29},"end":{"line":42,"column":61}},"28":{"start":{"line":43,"column":27},"end":{"line":43,"column":44}},"29":{"start":{"line":44,"column":30},"end":{"line":47,"column":10}},"30":{"start":{"line":45,"column":36},"end":{"line":45,"column":54}},"31":{"start":{"line":46,"column":12},"end":{"line":46,"column":51}},"32":{"start":{"line":48,"column":8},"end":{"line":48,"column":76}},"33":{"start":{"line":52,"column":8},"end":{"line":52,"column":67}},"34":{"start":{"line":53,"column":8},"end":{"line":53,"column":74}},"35":{"start":{"line":54,"column":8},"end":{"line":54,"column":78}},"36":{"start":{"line":55,"column":8},"end":{"line":55,"column":65}},"37":{"start":{"line":56,"column":8},"end":{"line":56,"column":67}},"38":{"start":{"line":57,"column":8},"end":{"line":57,"column":65}},"39":{"start":{"line":58,"column":8},"end":{"line":58,"column":67}},"40":{"start":{"line":62,"column":8},"end":{"line":62,"column":29}},"41":{"start":{"line":63,"column":8},"end":{"line":63,"column":29}},"42":{"start":{"line":64,"column":8},"end":{"line":64,"column":34}},"43":{"start":{"line":65,"column":8},"end":{"line":65,"column":28}},"44":{"start":{"line":66,"column":8},"end":{"line":66,"column":26}},"45":{"start":{"line":67,"column":8},"end":{"line":67,"column":29}},"46":{"start":{"line":68,"column":8},"end":{"line":68,"column":35}},"47":{"start":{"line":69,"column":8},"end":{"line":69,"column":27}},"48":{"start":{"line":70,"column":8},"end":{"line":70,"column":28}},"49":{"start":{"line":74,"column":8},"end":{"line":74,"column":68}},"50":{"start":{"line":75,"column":8},"end":{"line":75,"column":66}},"51":{"start":{"line":76,"column":8},"end":{"line":76,"column":68}},"52":{"start":{"line":80,"column":27},"end":{"line":80,"column":44}},"53":{"start":{"line":81,"column":8},"end":{"line":81,"column":46}},"54":{"start":{"line":83,"column":8},"end":{"line":83,"column":73}},"55":{"start":{"line":87,"column":8},"end":{"line":87,"column":34}},"56":{"start":{"line":87,"column":15},"end":{"line":87,"column":34}},"57":{"start":{"line":88,"column":8},"end":{"line":88,"column":41}},"58":{"start":{"line":89,"column":8},"end":{"line":89,"column":41}},"59":{"start":{"line":90,"column":8},"end":{"line":90,"column":42}},"60":{"start":{"line":91,"column":8},"end":{"line":99,"column":9}},"61":{"start":{"line":92,"column":25},"end":{"line":92,"column":57}},"62":{"start":{"line":93,"column":12},"end":{"line":93,"column":61}},"63":{"start":{"line":95,"column":12},"end":{"line":95,"column":40}},"64":{"start":{"line":96,"column":12},"end":{"line":96,"column":32}},"65":{"start":{"line":97,"column":33},"end":{"line":97,"column":53}},"66":{"start":{"line":98,"column":12},"end":{"line":98,"column":70}},"67":{"start":{"line":100,"column":8},"end":{"line":100,"column":70}},"68":{"start":{"line":102,"column":8},"end":{"line":102,"column":27}},"69":{"start":{"line":106,"column":21},"end":{"line":106,"column":42}},"70":{"start":{"line":107,"column":8},"end":{"line":127,"column":9}},"71":{"start":{"line":109,"column":12},"end":{"line":113,"column":13}},"72":{"start":{"line":110,"column":16},"end":{"line":110,"column":44}},"73":{"start":{"line":111,"column":16},"end":{"line":111,"column":42}},"74":{"start":{"line":112,"column":16},"end":{"line":112,"column":38}},"75":{"start":{"line":114,"column":12},"end":{"line":114,"column":39}},"76":{"start":{"line":115,"column":12},"end":{"line":115,"column":32}},"77":{"start":{"line":116,"column":12},"end":{"line":116,"column":82}},"78":{"start":{"line":116,"column":29},"end":{"line":116,"column":82}},"79":{"start":{"line":117,"column":12},"end":{"line":125,"column":13}},"80":{"start":{"line":118,"column":16},"end":{"line":124,"column":17}},"81":{"start":{"line":119,"column":20},"end":{"line":119,"column":78}},"82":{"start":{"line":120,"column":20},"end":{"line":120,"column":40}},"83":{"start":{"line":122,"column":20},"end":{"line":122,"column":74}},"84":{"start":{"line":123,"column":20},"end":{"line":123,"column":41}},"85":{"start":{"line":126,"column":12},"end":{"line":126,"column":31}},"86":{"start":{"line":128,"column":8},"end":{"line":128,"column":31}},"87":{"start":{"line":132,"column":8},"end":{"line":132,"column":34}},"88":{"start":{"line":132,"column":15},"end":{"line":132,"column":34}},"89":{"start":{"line":133,"column":8},"end":{"line":133,"column":42}},"90":{"start":{"line":134,"column":8},"end":{"line":134,"column":40}},"91":{"start":{"line":135,"column":8},"end":{"line":135,"column":41}},"92":{"start":{"line":136,"column":8},"end":{"line":136,"column":29}},"93":{"start":{"line":137,"column":8},"end":{"line":137,"column":48}},"94":{"start":{"line":138,"column":8},"end":{"line":138,"column":33}},"95":{"start":{"line":142,"column":8},"end":{"line":142,"column":34}},"96":{"start":{"line":142,"column":15},"end":{"line":142,"column":34}},"97":{"start":{"line":143,"column":8},"end":{"line":143,"column":27}},"98":{"start":{"line":144,"column":8},"end":{"line":144,"column":42}},"99":{"start":{"line":145,"column":8},"end":{"line":145,"column":40}},"100":{"start":{"line":146,"column":8},"end":{"line":146,"column":41}},"101":{"start":{"line":147,"column":8},"end":{"line":147,"column":48}},"102":{"start":{"line":148,"column":8},"end":{"line":148,"column":33}},"103":{"start":{"line":149,"column":8},"end":{"line":149,"column":27}},"104":{"start":{"line":155,"column":8},"end":{"line":162,"column":9}},"105":{"start":{"line":156,"column":12},"end":{"line":156,"column":46}},"106":{"start":{"line":157,"column":12},"end":{"line":157,"column":21}},"107":{"start":{"line":159,"column":25},"end":{"line":159,"column":46}},"108":{"start":{"line":160,"column":12},"end":{"line":160,"column":45}},"109":{"start":{"line":161,"column":12},"end":{"line":161,"column":54}},"110":{"start":{"line":163,"column":27},"end":{"line":163,"column":42}},"111":{"start":{"line":164,"column":25},"end":{"line":164,"column":40}},"112":{"start":{"line":165,"column":8},"end":{"line":167,"column":9}},"113":{"start":{"line":166,"column":12},"end":{"line":166,"column":42}},"114":{"start":{"line":168,"column":8},"end":{"line":168,"column":67}},"115":{"start":{"line":172,"column":27},"end":{"line":172,"column":44}},"116":{"start":{"line":173,"column":29},"end":{"line":173,"column":48}},"117":{"start":{"line":174,"column":28},"end":{"line":176,"column":10}},"118":{"start":{"line":175,"column":12},"end":{"line":175,"column":56}},"119":{"start":{"line":177,"column":22},"end":{"line":177,"column":40}},"120":{"start":{"line":178,"column":24},"end":{"line":178,"column":39}},"121":{"start":{"line":179,"column":8},"end":{"line":179,"column":73}},"122":{"start":{"line":180,"column":8},"end":{"line":180,"column":70}},"123":{"start":{"line":184,"column":27},"end":{"line":184,"column":44}},"124":{"start":{"line":185,"column":29},"end":{"line":185,"column":48}},"125":{"start":{"line":186,"column":34},"end":{"line":186,"column":54}},"126":{"start":{"line":187,"column":29},"end":{"line":187,"column":66}},"127":{"start":{"line":188,"column":34},"end":{"line":188,"column":56}},"128":{"start":{"line":189,"column":24},"end":{"line":189,"column":55}},"129":{"start":{"line":190,"column":8},"end":{"line":190,"column":57}},"130":{"start":{"line":191,"column":25},"end":{"line":191,"column":53}},"131":{"start":{"line":192,"column":26},"end":{"line":192,"column":54}},"132":{"start":{"line":193,"column":8},"end":{"line":207,"column":9}},"133":{"start":{"line":194,"column":32},"end":{"line":198,"column":14}},"134":{"start":{"line":195,"column":40},"end":{"line":195,"column":58}},"135":{"start":{"line":196,"column":16},"end":{"line":197,"column":75}},"136":{"start":{"line":199,"column":26},"end":{"line":199,"column":44}},"137":{"start":{"line":200,"column":29},"end":{"line":200,"column":57}},"138":{"start":{"line":201,"column":30},"end":{"line":201,"column":58}},"139":{"start":{"line":202,"column":38},"end":{"line":202,"column":58}},"140":{"start":{"line":203,"column":12},"end":{"line":203,"column":82}},"141":{"start":{"line":204,"column":12},"end":{"line":204,"column":72}},"142":{"start":{"line":205,"column":12},"end":{"line":205,"column":43}},"143":{"start":{"line":206,"column":12},"end":{"line":206,"column":45}},"144":{"start":{"line":208,"column":8},"end":{"line":208,"column":38}},"145":{"start":{"line":209,"column":8},"end":{"line":209,"column":39}},"146":{"start":{"line":210,"column":8},"end":{"line":210,"column":49}},"147":{"start":{"line":214,"column":0},"end":{"line":214,"column":49}},"148":{"start":{"line":214,"column":38},"end":{"line":214,"column":47}}},"fnMap":{"0":{"name":"(anonymous_0)","decl":{"start":{"line":9,"column":4},"end":{"line":9,"column":5}},"loc":{"start":{"line":9,"column":18},"end":{"line":28,"column":5}},"line":9},"1":{"name":"(anonymous_1)","decl":{"start":{"line":30,"column":4},"end":{"line":30,"column":5}},"loc":{"start":{"line":30,"column":24},"end":{"line":37,"column":5}},"line":30},"2":{"name":"(anonymous_2)","decl":{"start":{"line":39,"column":4},"end":{"line":39,"column":5}},"loc":{"start":{"line":39,"column":23},"end":{"line":49,"column":5}},"line":39},"3":{"name":"(anonymous_3)","decl":{"start":{"line":44,"column":48},"end":{"line":44,"column":49}},"loc":{"start":{"line":44,"column":58},"end":{"line":47,"column":9}},"line":44},"4":{"name":"(anonymous_4)","decl":{"start":{"line":51,"column":4},"end":{"line":51,"column":5}},"loc":{"start":{"line":51,"column":18},"end":{"line":59,"column":5}},"line":51},"5":{"name":"(anonymous_5)","decl":{"start":{"line":61,"column":4},"end":{"line":61,"column":5}},"loc":{"start":{"line":61,"column":18},"end":{"line":71,"column":5}},"line":61},"6":{"name":"(anonymous_6)","decl":{"start":{"line":73,"column":4},"end":{"line":73,"column":5}},"loc":{"start":{"line":73,"column":19},"end":{"line":77,"column":5}},"line":73},"7":{"name":"(anonymous_7)","decl":{"start":{"line":79,"column":4},"end":{"line":79,"column":5}},"loc":{"start":{"line":79,"column":33},"end":{"line":84,"column":5}},"line":79},"8":{"name":"(anonymous_8)","decl":{"start":{"line":86,"column":4},"end":{"line":86,"column":5}},"loc":{"start":{"line":86,"column":42},"end":{"line":103,"column":5}},"line":86},"9":{"name":"(anonymous_9)","decl":{"start":{"line":105,"column":4},"end":{"line":105,"column":5}},"loc":{"start":{"line":105,"column":33},"end":{"line":129,"column":5}},"line":105},"10":{"name":"(anonymous_10)","decl":{"start":{"line":131,"column":4},"end":{"line":131,"column":5}},"loc":{"start":{"line":131,"column":42},"end":{"line":139,"column":5}},"line":131},"11":{"name":"(anonymous_11)","decl":{"start":{"line":141,"column":4},"end":{"line":141,"column":5}},"loc":{"start":{"line":141,"column":24},"end":{"line":150,"column":5}},"line":141},"12":{"name":"(anonymous_12)","decl":{"start":{"line":152,"column":4},"end":{"line":152,"column":5}},"loc":{"start":{"line":152,"column":33},"end":{"line":169,"column":5}},"line":152},"13":{"name":"(anonymous_13)","decl":{"start":{"line":171,"column":4},"end":{"line":171,"column":5}},"loc":{"start":{"line":171,"column":40},"end":{"line":181,"column":5}},"line":171},"14":{"name":"(anonymous_14)","decl":{"start":{"line":174,"column":46},"end":{"line":174,"column":47}},"loc":{"start":{"line":175,"column":12},"end":{"line":175,"column":56}},"line":175},"15":{"name":"(anonymous_15)","decl":{"start":{"line":183,"column":4},"end":{"line":183,"column":5}},"loc":{"start":{"line":183,"column":36},"end":{"line":211,"column":5}},"line":183},"16":{"name":"(anonymous_16)","decl":{"start":{"line":194,"column":50},"end":{"line":194,"column":51}},"loc":{"start":{"line":194,"column":60},"end":{"line":198,"column":13}},"line":194},"17":{"name":"(anonymous_17)","decl":{"start":{"line":214,"column":32},"end":{"line":214,"column":33}},"loc":{"start":{"line":214,"column":38},"end":{"line":214,"column":47}},"line":214}},"branchMap":{"0":{"loc":{"start":{"line":35,"column":8},"end":{"line":35,"column":50}},"type":"if","locations":[{"start":{"line":35,"column":8},"end":{"line":35,"column":50}},{"start":{"line":35,"column":8},"end":{"line":35,"column":50}}],"line":35},"1":{"loc":{"start":{"line":86,"column":15},"end":{"line":86,"column":23}},"type":"default-arg","locations":[{"start":{"line":86,"column":19},"end":{"line":86,"column":23}}],"line":86},"2":{"loc":{"start":{"line":86,"column":25},"end":{"line":86,"column":40}},"type":"default-arg","locations":[{"start":{"line":86,"column":32},"end":{"line":86,"column":40}}],"line":86},"3":{"loc":{"start":{"line":87,"column":8},"end":{"line":87,"column":34}},"type":"if","locations":[{"start":{"line":87,"column":8},"end":{"line":87,"column":34}},{"start":{"line":87,"column":8},"end":{"line":87,"column":34}}],"line":87},"4":{"loc":{"start":{"line":91,"column":8},"end":{"line":99,"column":9}},"type":"if","locations":[{"start":{"line":91,"column":8},"end":{"line":99,"column":9}},{"start":{"line":91,"column":8},"end":{"line":99,"column":9}}],"line":91},"5":{"loc":{"start":{"line":105,"column":16},"end":{"line":105,"column":31}},"type":"default-arg","locations":[{"start":{"line":105,"column":23},"end":{"line":105,"column":31}}],"line":105},"6":{"loc":{"start":{"line":107,"column":8},"end":{"line":127,"column":9}},"type":"if","locations":[{"start":{"line":107,"column":8},"end":{"line":127,"column":9}},{"start":{"line":107,"column":8},"end":{"line":127,"column":9}}],"line":107},"7":{"loc":{"start":{"line":109,"column":12},"end":{"line":113,"column":13}},"type":"if","locations":[{"start":{"line":109,"column":12},"end":{"line":113,"column":13}},{"start":{"line":109,"column":12},"end":{"line":113,"column":13}}],"line":109},"8":{"loc":{"start":{"line":116,"column":12},"end":{"line":116,"column":82}},"type":"if","locations":[{"start":{"line":116,"column":12},"end":{"line":116,"column":82}},{"start":{"line":116,"column":12},"end":{"line":116,"column":82}}],"line":116},"9":{"loc":{"start":{"line":117,"column":12},"end":{"line":125,"column":13}},"type":"if","locations":[{"start":{"line":117,"column":12},"end":{"line":125,"column":13}},{"start":{"line":117,"column":12},"end":{"line":125,"column":13}}],"line":117},"10":{"loc":{"start":{"line":118,"column":16},"end":{"line":124,"column":17}},"type":"if","locations":[{"start":{"line":118,"column":16},"end":{"line":124,"column":17}},{"start":{"line":118,"column":16},"end":{"line":124,"column":17}}],"line":118},"11":{"loc":{"start":{"line":131,"column":15},"end":{"line":131,"column":23}},"type":"default-arg","locations":[{"start":{"line":131,"column":19},"end":{"line":131,"column":23}}],"line":131},"12":{"loc":{"start":{"line":131,"column":25},"end":{"line":131,"column":40}},"type":"default-arg","locations":[{"start":{"line":131,"column":32},"end":{"line":131,"column":40}}],"line":131},"13":{"loc":{"start":{"line":132,"column":8},"end":{"line":132,"column":34}},"type":"if","locations":[{"start":{"line":132,"column":8},"end":{"line":132,"column":34}},{"start":{"line":132,"column":8},"end":{"line":132,"column":34}}],"line":132},"14":{"loc":{"start":{"line":141,"column":14},"end":{"line":141,"column":22}},"type":"default-arg","locations":[{"start":{"line":141,"column":18},"end":{"line":141,"column":22}}],"line":141},"15":{"loc":{"start":{"line":142,"column":8},"end":{"line":142,"column":34}},"type":"if","locations":[{"start":{"line":142,"column":8},"end":{"line":142,"column":34}},{"start":{"line":142,"column":8},"end":{"line":142,"column":34}}],"line":142},"16":{"loc":{"start":{"line":152,"column":16},"end":{"line":152,"column":31}},"type":"default-arg","locations":[{"start":{"line":152,"column":23},"end":{"line":152,"column":31}}],"line":152},"17":{"loc":{"start":{"line":155,"column":8},"end":{"line":162,"column":9}},"type":"if","locations":[{"start":{"line":155,"column":8},"end":{"line":162,"column":9}},{"start":{"line":155,"column":8},"end":{"line":162,"column":9}}],"line":155},"18":{"loc":{"start":{"line":165,"column":8},"end":{"line":167,"column":9}},"type":"if","locations":[{"start":{"line":165,"column":8},"end":{"line":167,"column":9}},{"start":{"line":165,"column":8},"end":{"line":167,"column":9}}],"line":165},"19":{"loc":{"start":{"line":171,"column":23},"end":{"line":171,"column":38}},"type":"default-arg","locations":[{"start":{"line":171,"column":30},"end":{"line":171,"column":38}}],"line":171},"20":{"loc":{"start":{"line":183,"column":19},"end":{"line":183,"column":34}},"type":"default-arg","locations":[{"start":{"line":183,"column":26},"end":{"line":183,"column":34}}],"line":183},"21":{"loc":{"start":{"line":196,"column":23},"end":{"line":197,"column":74}},"type":"binary-expr","locations":[{"start":{"line":196,"column":23},"end":{"line":196,"column":69}},{"start":{"line":197,"column":23},"end":{"line":197,"column":74}}],"line":196}},"s":{"0":1,"1":1,"2":1,"3":15,"4":15,"5":15,"6":15,"7":15,"8":15,"9":15,"10":15,"11":15,"12":15,"13":15,"14":15,"15":15,"16":15,"17":15,"18":15,"19":15,"20":59,"21":59,"22":59,"23":50,"24":59,"25":16,"26":16,"27":16,"28":16,"29":16,"30":19,"31":19,"32":16,"33":15,"34":15,"35":15,"36":15,"37":15,"38":15,"39":15,"40":16,"41":16,"42":16,"43":16,"44":16,"45":16,"46":16,"47":16,"48":16,"49":15,"50":15,"51":15,"52":3,"53":3,"54":3,"55":3,"56":0,"57":3,"58":3,"59":3,"60":3,"61":1,"62":1,"63":2,"64":2,"65":2,"66":2,"67":3,"68":3,"69":4,"70":4,"71":3,"72":2,"73":2,"74":2,"75":3,"76":3,"77":3,"78":1,"79":3,"80":2,"81":1,"82":1,"83":1,"84":1,"85":3,"86":4,"87":1,"88":0,"89":1,"90":1,"91":1,"92":1,"93":1,"94":1,"95":1,"96":0,"97":1,"98":1,"99":1,"100":1,"101":1,"102":1,"103":1,"104":24,"105":16,"106":16,"107":8,"108":8,"109":8,"110":24,"111":24,"112":24,"113":22,"114":24,"115":18,"116":18,"117":18,"118":22,"119":18,"120":18,"121":18,"122":18,"123":17,"124":17,"125":17,"126":17,"127":17,"128":17,"129":17,"130":17,"131":17,"132":17,"133":119,"134":140,"135":140,"136":119,"137":119,"138":119,"139":119,"140":119,"141":119,"142":119,"143":119,"144":17,"145":17,"146":17,"147":1,"148":0},"f":{"0":15,"1":59,"2":16,"3":19,"4":15,"5":16,"6":15,"7":3,"8":3,"9":4,"10":1,"11":1,"12":24,"13":18,"14":22,"15":17,"16":140,"17":0},"b":{"0":[50,9],"1":[1],"2":[1],"3":[0,3],"4":[1,2],"5":[0],"6":[3,1],"7":[2,1],"8":[1,2],"9":[2,1],"10":[1,1],"11":[0],"12":[0],"13":[0,1],"14":[1],"15":[0,1],"16":[19],"17":[16,8],"18":[22,2],"19":[17],"20":[17],"21":[140,121]},"_coverageSchema":"332fd63041d2c1bcb487cc26dd0d5f7d97098a6c","hash":"b41d315207eb1b123c9039d75acc15b6b5391f0a"}
}
