TN:
SF:/Users/atsuhiro_teshima/Desktop/simple-pomodoro/src/index.js
FN:9,(anonymous_0)
FN:30,(anonymous_1)
FN:39,(anonymous_2)
FN:44,(anonymous_3)
FN:51,(anonymous_4)
FN:61,(anonymous_5)
FN:73,(anonymous_6)
FN:79,(anonymous_7)
FN:86,(anonymous_8)
FN:105,(anonymous_9)
FN:131,(anonymous_10)
FN:141,(anonymous_11)
FN:152,(anonymous_12)
FN:171,(anonymous_13)
FN:174,(anonymous_14)
FN:183,(anonymous_15)
FN:194,(anonymous_16)
FN:214,(anonymous_17)
FNF:18
FNH:17
FNDA:15,(anonymous_0)
FNDA:59,(anonymous_1)
FNDA:16,(anonymous_2)
FNDA:19,(anonymous_3)
FNDA:15,(anonymous_4)
FNDA:16,(anonymous_5)
FNDA:15,(anonymous_6)
FNDA:3,(anonymous_7)
FNDA:3,(anonymous_8)
FNDA:4,(anonymous_9)
FNDA:1,(anonymous_10)
FNDA:1,(anonymous_11)
FNDA:24,(anonymous_12)
FNDA:18,(anonymous_13)
FNDA:22,(anonymous_14)
FNDA:17,(anonymous_15)
FNDA:140,(anonymous_16)
FNDA:0,(anonymous_17)
DA:4,1
DA:5,1
DA:6,1
DA:10,15
DA:11,15
DA:12,15
DA:13,15
DA:14,15
DA:15,15
DA:16,15
DA:17,15
DA:18,15
DA:19,15
DA:21,15
DA:22,15
DA:23,15
DA:24,15
DA:25,15
DA:26,15
DA:27,15
DA:31,59
DA:32,59
DA:35,59
DA:36,59
DA:40,16
DA:41,16
DA:42,16
DA:43,16
DA:44,16
DA:45,19
DA:46,19
DA:48,16
DA:52,15
DA:53,15
DA:54,15
DA:55,15
DA:56,15
DA:57,15
DA:58,15
DA:62,16
DA:63,16
DA:64,16
DA:65,16
DA:66,16
DA:67,16
DA:68,16
DA:69,16
DA:70,16
DA:74,15
DA:75,15
DA:76,15
DA:80,3
DA:81,3
DA:83,3
DA:87,3
DA:88,3
DA:89,3
DA:90,3
DA:91,3
DA:92,1
DA:93,1
DA:95,2
DA:96,2
DA:97,2
DA:98,2
DA:100,3
DA:102,3
DA:106,4
DA:107,4
DA:109,3
DA:110,2
DA:111,2
DA:112,2
DA:114,3
DA:115,3
DA:116,3
DA:117,3
DA:118,2
DA:119,1
DA:120,1
DA:122,1
DA:123,1
DA:126,3
DA:128,4
DA:132,1
DA:133,1
DA:134,1
DA:135,1
DA:136,1
DA:137,1
DA:138,1
DA:142,1
DA:143,1
DA:144,1
DA:145,1
DA:146,1
DA:147,1
DA:148,1
DA:149,1
DA:155,24
DA:156,16
DA:157,16
DA:159,8
DA:160,8
DA:161,8
DA:163,24
DA:164,24
DA:165,24
DA:166,22
DA:168,24
DA:172,18
DA:173,18
DA:174,18
DA:175,22
DA:177,18
DA:178,18
DA:179,18
DA:180,18
DA:184,17
DA:185,17
DA:186,17
DA:187,17
DA:188,17
DA:189,17
DA:190,17
DA:191,17
DA:192,17
DA:193,17
DA:194,119
DA:195,140
DA:196,140
DA:199,119
DA:200,119
DA:201,119
DA:202,119
DA:203,119
DA:204,119
DA:205,119
DA:206,119
DA:208,17
DA:209,17
DA:210,17
DA:214,1
LF:143
LH:143
BRDA:35,0,0,50
BRDA:35,0,1,9
BRDA:86,1,0,1
BRDA:86,2,0,1
BRDA:87,3,0,0
BRDA:87,3,1,3
BRDA:91,4,0,1
BRDA:91,4,1,2
BRDA:105,5,0,0
BRDA:107,6,0,3
BRDA:107,6,1,1
BRDA:109,7,0,2
BRDA:109,7,1,1
BRDA:116,8,0,1
BRDA:116,8,1,2
BRDA:117,9,0,2
BRDA:117,9,1,1
BRDA:118,10,0,1
BRDA:118,10,1,1
BRDA:131,11,0,0
BRDA:131,12,0,0
BRDA:132,13,0,0
BRDA:132,13,1,1
BRDA:141,14,0,1
BRDA:142,15,0,0
BRDA:142,15,1,1
BRDA:152,16,0,19
BRDA:155,17,0,16
BRDA:155,17,1,8
BRDA:165,18,0,22
BRDA:165,18,1,2
BRDA:171,19,0,17
BRDA:183,20,0,17
BRDA:196,21,0,140
BRDA:196,21,1,121
BRF:35
BRH:29
end_of_record
